2022-02-03 22:42:32.790000
Email rogerhoward@hotmail.com
Username: rogerhoward
Password: !&7OXvpriW 
----~*~----------~*~----------~*~------
2022-02-03 22:45:30.047092
Email markriley@yahoo.com
Username: markriley
Password: FE7INm*c^M 
----~*~----------~*~----------~*~-----
2022-02-03 22:47:41.134949
Email davidharrison@hotmail.com
Username: davidharrison
Password: GUJCyzm^^2 
----~*~----------~*~----------~*~-----
2022-02-03 22:56:48.989911
Email: andreapowers@gmail.com
Username: andreapowers
Password: w4Nl^jAh)Z 
----~*~----------~*~----------~*~-----
2022-02-03 23:26:46.952512
Email: bryansherman@hotmail.com
Username: bryansherman
Password: uuZr7&3k)2 
----~*~----------~*~----------~*~-----
2022-02-03 23:30:42.000134
Email: kevinlee@yahoo.com
Username: kevinlee
Password: _5KvTehb+i
----~*~----------~*~----------~*~-----
2022-02-04 00:57:35.177594
Email: josephhicks@yahoo.com
Username: josephhicks
Password: (0RY$k57_b 
-----~*~----------~*~----------~*~-----
